The system is: Windows - 10.0.19045 - AMD64
Compiling the CXX compiler identification source file "CMakeCXXCompilerId.cpp" succeeded.
Compiler:  
Build flags: 
Id flags:  

The output was:
0
用于 .NET Framework 的 Microsoft (R) 生成引擎版本 16.11.2+f32259642
版权所有(C) Microsoft Corporation。保留所有权利。

生成启动时间为 2024/10/18 15:34:08。
节点 1 上的项目“E:\vaa3d_plug\DNeuroMAT\build\CMakeFiles\3.24.0-rc2\CompilerIdCXX\CompilerIdCXX.vcxproj”(默认目标)。
PrepareForBuild:
  正在创建目录“Debug\”。
  正在创建目录“Debug\CompilerIdCXX.tlog\”。
InitializeBuildStatus:
  正在创建“Debug\CompilerIdCXX.tlog\unsuccessfulbuild”，因为已指定“AlwaysCreate”。
ClCompile:
  D:\VS2019\professional 2019\VC\Tools\MSVC\14.29.30133\bin\HostX86\x64\CL.exe /c /nologo /W0 /WX- /diagnostics:column /Od /D _MBCS /Gm- /EHsc /RTC1 /MDd /GS /fp:precise /Zc:wchar_t /Zc:forScope /Zc:inline /Fo"Debug\\" /Fd"Debug\vc142.pdb" /external:W0 /Gd /TP /FC /errorReport:queue CMakeCXXCompilerId.cpp
  CMakeCXXCompilerId.cpp
Link:
  D:\VS2019\professional 2019\VC\Tools\MSVC\14.29.30133\bin\HostX86\x64\link.exe /ERRORREPORT:QUEUE /OUT:".\CompilerIdCXX.exe" /INCREMENTAL:NO /NOLOGO kernel32.lib user32.lib gdi32.lib winspool.lib comdlg32.lib advapi32.lib shell32.lib ole32.lib oleaut32.lib uuid.lib odbc32.lib odbccp32.lib /MANIFEST /MANIFESTUAC:"level='asInvoker' uiAccess='false'" /manifest:embed /PDB:".\CompilerIdCXX.pdb" /SUBSYSTEM:CONSOLE /TLBID:1 /DYNAMICBASE /NXCOMPAT /IMPLIB:".\CompilerIdCXX.lib" /MACHINE:X64 Debug\CMakeCXXCompilerId.obj
  CompilerIdCXX.vcxproj -> E:\vaa3d_plug\DNeuroMAT\build\CMakeFiles\3.24.0-rc2\CompilerIdCXX\CompilerIdCXX.exe
PostBuildEvent:
  for %%i in (cl.exe) do @echo CMAKE_CXX_COMPILER=%%~$PATH:i
  :VCEnd
  CMAKE_CXX_COMPILER=D:\VS2019\professional 2019\VC\Tools\MSVC\14.29.30133\bin\Hostx86\x64\cl.exe
FinalizeBuildStatus:
  正在删除文件“Debug\CompilerIdCXX.tlog\unsuccessfulbuild”。
  正在对“Debug\CompilerIdCXX.tlog\CompilerIdCXX.lastbuildstate”执行 Touch 任务。
已完成生成项目“E:\vaa3d_plug\DNeuroMAT\build\CMakeFiles\3.24.0-rc2\CompilerIdCXX\CompilerIdCXX.vcxproj”(默认目标)的操作。

已成功生成。
    0 个警告
    0 个错误

已用时间 00:00:00.70


Compilation of the CXX compiler identification source "CMakeCXXCompilerId.cpp" produced "CompilerIdCXX.exe"

Compilation of the CXX compiler identification source "CMakeCXXCompilerId.cpp" produced "CompilerIdCXX.vcxproj"

The CXX compiler identification is MSVC, found in "E:/vaa3d_plug/DNeuroMAT/build/CMakeFiles/3.24.0-rc2/CompilerIdCXX/CompilerIdCXX.exe"

Detecting CXX compiler ABI info compiled with the following output:
Change Dir: E:/vaa3d_plug/DNeuroMAT/build/CMakeFiles/CMakeTmp

Run Build Command(s):D:/VS2019/professional 2019/MSBuild/Current/Bin/MSBuild.exe cmTC_6fa2b.vcxproj /p:Configuration=Debug /p:Platform=x64 /p:VisualStudioVersion=16.0 /v:m && 用于 .NET Framework 的 Microsoft (R) 生成引擎版本 16.11.2+f32259642
版权所有(C) Microsoft Corporation。保留所有权利。

  用于 x64 的 Microsoft (R) C/C++ 优化编译器 19.29.30152 版
  版权所有(C) Microsoft Corporation。保留所有权利。
  CMakeCXXCompilerABI.cpp
  cl /c /Zi /W1 /WX- /diagnostics:column /Od /Ob0 /D _MBCS /D WIN32 /D _WINDOWS /D "CMAKE_INTDIR=\"Debug\"" /Gm- /EHsc /RTC1 /MDd /GS /fp:precise /Zc:wchar_t /Zc:forScope /Zc:inline /Fo"cmTC_6fa2b.dir\Debug\\" /Fd"cmTC_6fa2b.dir\Debug\vc142.pdb" /external:W1 /Gd /TP /errorReport:queue "D:\cmake-3.24.0-rc2-windows-x86_64\share\cmake-3.24\Modules\CMakeCXXCompilerABI.cpp"
  cmTC_6fa2b.vcxproj -> E:\vaa3d_plug\DNeuroMAT\build\CMakeFiles\CMakeTmp\Debug\cmTC_6fa2b.exe



Determining if the Q_WS_WIN exist passed with the following output:
Change Dir: E:/vaa3d_plug/DNeuroMAT/build/CMakeFiles/CMakeTmp

Run Build Command(s):D:/VS2019/professional 2019/MSBuild/Current/Bin/MSBuild.exe cmTC_3ce95.vcxproj /p:Configuration=Debug /p:Platform=x64 /p:VisualStudioVersion=16.0 /v:m && 用于 .NET Framework 的 Microsoft (R) 生成引擎版本 16.11.2+f32259642
版权所有(C) Microsoft Corporation。保留所有权利。

  用于 x64 的 Microsoft (R) C/C++ 优化编译器 19.29.30152 版
  版权所有(C) Microsoft Corporation。保留所有权利。
  CheckSymbolExists.cxx
  cl /c /IE:\Neure\4.8.6\include /Zi /W1 /WX- /diagnostics:column /Od /Ob0 /D _MBCS /D WIN32 /D _WINDOWS /D "CMAKE_INTDIR=\"Debug\"" /Gm- /EHsc /RTC1 /MDd /GS /fp:precise /Zc:wchar_t /Zc:forScope /Zc:inline /Fo"cmTC_3ce95.dir\Debug\\" /Fd"cmTC_3ce95.dir\Debug\vc142.pdb" /external:W1 /Gd /TP /errorReport:queue E:\vaa3d_plug\DNeuroMAT\build\CMakeFiles\CMakeTmp\CheckSymbolExists.cxx
  cmTC_3ce95.vcxproj -> E:\vaa3d_plug\DNeuroMAT\build\CMakeFiles\CMakeTmp\Debug\cmTC_3ce95.exe


File E:/vaa3d_plug/DNeuroMAT/build/CMakeFiles/CMakeTmp/CheckSymbolExists.cxx:
/* */
#include <QtCore/qglobal.h>

int main(int argc, char** argv)
{
  (void)argv;
#ifndef Q_WS_WIN
  return ((int*)(&Q_WS_WIN))[argc];
#else
  (void)argc;
  return 0;
#endif
}
